<?xml version="1.0" encoding="UTF-8"?>
<!-- Generated by org.testng.reporters.JUnitReportReporter -->
<testsuite skipped="0" hostname="DESKTOP-4M1KLVK" name="com.nopcommerce.testCases.TC_Login_Test_001" tests="1" failures="0" timestamp="22 Jun 2020 00:32:59 GMT" time="4.412" errors="0">
  <testcase name="login" time="4.412" classname="com.nopcommerce.testCases.TC_Login_Test_001"/>
</testsuite> <!-- com.nopcommerce.testCases.TC_Login_Test_001 -->
